
> lfnm-v1-103@0.0.3 type-check
> tsc --noEmit

components/admin/editor/EditorTab.tsx(197,32): error TS2322: Type '(type: ContentBlock["type"], content?: unknown, settings?: Record<string, any>) => void' is not assignable to type '(type: "image" | "video" | "paragraph" | "heading" | "video_link" | "quote" | "list" | "separator" | "gallery" | "engagement" | "smart_block", content?: unknown, settings?: unknown) => void'.
  Types of parameters 'settings' and 'settings' are incompatible.
    Type 'unknown' is not assignable to type 'Record<string, any> | undefined'.
components/admin/editor/EditorTab.tsx(201,36): error TS2322: Type '(type: ContentBlock["type"], content?: unknown, settings?: Record<string, any>) => void' is not assignable to type '(type: "image" | "video" | "paragraph" | "heading" | "video_link" | "quote" | "list" | "separator" | "gallery" | "engagement" | "smart_block", content?: unknown, settings?: unknown) => void'.
  Types of parameters 'settings' and 'settings' are incompatible.
    Type 'unknown' is not assignable to type 'Record<string, any> | undefined'.
components/admin/editor/EditorTab.tsx(245,67): error TS2322: Type 'Dispatch<SetStateAction<{ muted: boolean; loop: boolean; autoplay: boolean; effects: BannerEffect; }>>' is not assignable to type '(config: Record<string, any>) => void'.
  Types of parameters 'value' and 'config' are incompatible.
    Type 'Record<string, any>' is not assignable to type 'SetStateAction<{ muted: boolean; loop: boolean; autoplay: boolean; effects: BannerEffect; }>'.
      Type 'Record<string, any>' is missing the following properties from type '{ muted: boolean; loop: boolean; autoplay: boolean; effects: BannerEffect; }': muted, loop, autoplay, effects
components/admin/editor/engagement/QuizEditor.tsx(13,21): error TS2322: Type '{}' is not assignable to type 'string | number | readonly string[] | undefined'.
components/admin/editor/engagement/ReactionEditor.tsx(14,21): error TS2322: Type '{}' is not assignable to type 'string | number | readonly string[] | undefined'.
components/admin/editor/engagement/SliderEditor.tsx(40,75): error TS2322: Type '{}' is not assignable to type 'ReactNode'.
components/admin/editor/engagement/SliderEditor.tsx(45,75): error TS2322: Type '{}' is not assignable to type 'ReactNode'.
components/admin/editor/gallery/GalleryPreview.tsx(2,30): error TS2307: Cannot find module '../../../types' or its corresponding type declarations.
components/admin/editor/gallery/GalleryPreview.tsx(3,29): error TS2307: Cannot find module '../../news/GalleryRenderer' or its corresponding type declarations.
components/admin/editor/hooks/usePublishingWorkflow.ts(36,80): error TS2345: Argument of type 'YoutubeMetadata' is not assignable to parameter of type 'VideoMetadata'.
  Types of property 'madeForKids' are incompatible.
    Type 'boolean | undefined' is not assignable to type 'boolean'.
      Type 'undefined' is not assignable to type 'boolean'.
components/admin/editor/hooks/usePublishingWorkflow.ts(56,78): error TS2345: Argument of type 'YoutubeMetadata' is not assignable to parameter of type 'VideoMetadata'.
  Types of property 'madeForKids' are incompatible.
    Type 'boolean | undefined' is not assignable to type 'boolean'.
      Type 'undefined' is not assignable to type 'boolean'.
components/admin/editor/layout/EditorContent.tsx(158,49): error TS2741: Property 'onUpdate' is missing in type '{ block: ContentBlock; isSelected: boolean; isUploading: boolean; onSelect: () => void; }' but required in type 'MediaBlockProps'.
components/admin/editor/layout/InspectorSidebar.tsx(3,24): error TS2305: Module '"../../../../types"' has no exported member 'EditorialStyle'.
components/admin/editor/layout/InspectorSidebar.tsx(41,95): error TS2698: Spread types may only be created from object types.
components/admin/editor/layout/InspectorSidebar.tsx(77,30): error TS2367: This comparison appears to be unintentional because the types '"image" | "video" | "paragraph" | "heading" | "video_link" | "quote" | "list" | "separator" | "gallery" | "engagement" | "smart_block"' and '"cta"' have no overlap.
components/admin/editor/layout/InspectorSidebar.tsx(90,30): error TS2367: This comparison appears to be unintentional because the types '"image" | "video" | "paragraph" | "heading" | "video_link" | "quote" | "list" | "separator" | "gallery" | "engagement" | "smart_block"' and '"related"' have no overlap.
components/admin/editor/layout/InspectorSidebar.tsx(97,30): error TS2367: This comparison appears to be unintentional because the types '"image" | "video" | "paragraph" | "heading" | "video_link" | "quote" | "list" | "separator" | "gallery" | "engagement" | "smart_block"' and '"table"' have no overlap.
components/admin/editor/RichContextMenu.tsx(24,35): error TS2304: Cannot find name 'MobileToolBtnProps'.
components/admin/EditorTab.tsx(85,36): error TS2322: Type '(type: ContentBlock["type"], content?: unknown, settings?: Record<string, unknown>) => void' is not assignable to type '(type: "image" | "video" | "paragraph" | "heading" | "video_link" | "quote" | "list" | "separator" | "gallery" | "engagement" | "smart_block", content?: unknown, settings?: unknown) => void'.
  Types of parameters 'settings' and 'settings' are incompatible.
    Type 'unknown' is not assignable to type 'Record<string, unknown> | undefined'.
components/admin/EditorTab.tsx(107,44): error TS2322: Type '(type: ContentBlock["type"], content?: unknown, settings?: Record<string, unknown>) => void' is not assignable to type '(type: "image" | "video" | "paragraph" | "heading" | "video_link" | "quote" | "list" | "separator" | "gallery" | "engagement" | "smart_block", content?: unknown, settings?: unknown) => void'.
  Types of parameters 'settings' and 'settings' are incompatible.
    Type 'unknown' is not assignable to type 'Record<string, unknown> | undefined'.
components/admin/GalleryEditorBlock.tsx(33,53): error TS2345: Argument of type 'number' is not assignable to parameter of type 'string'.
components/admin/GalleryEditorBlock.tsx(35,49): error TS2339: Property 'data' does not exist on type 'File'.
components/admin/GalleryEditorBlock.tsx(78,34): error TS2345: Argument of type 'string' is not assignable to parameter of type 'number'.
components/admin/inspector/BlockSpecificControls.tsx(15,51): error TS2339: Property 'type' does not exist on type 'EditorWidget'.
components/admin/inspector/BlockSpecificControls.tsx(16,24): error TS2339: Property 'label' does not exist on type 'EditorWidget'.
components/admin/inspector/BlockSpecificControls.tsx(20,14): error TS2678: Type '"text"' is not comparable to type '"image" | "video" | "paragraph" | "heading" | "video_link" | "quote" | "list" | "separator" | "gallery" | "engagement" | "smart_block"'.
components/admin/inspector/BlockSpecificControls.tsx(86,14): error TS2678: Type '"widget"' is not comparable to type '"image" | "video" | "paragraph" | "heading" | "video_link" | "quote" | "list" | "separator" | "gallery" | "engagement" | "smart_block"'.
components/admin/inspector/BlockSpecificControls.tsx(110,97): error TS2339: Property 'description' does not exist on type 'WidgetStyle'.
components/admin/InspectorSidebar.tsx(33,13): error TS2367: This comparison appears to be unintentional because the types '"image" | "video" | "paragraph" | "heading" | "video_link" | "quote" | "list" | "separator" | "gallery" | "engagement" | "smart_block"' and '"widget"' have no overlap.
components/admin/InspectorSidebar.tsx(34,50): error TS2339: Property 'type' does not exist on type 'EditorWidget'.
components/admin/InspectorSidebar.tsx(35,23): error TS2339: Property 'label' does not exist on type 'EditorWidget'.
components/admin/InspectorSidebar.tsx(98,102): error TS2339: Property 'classes' does not exist on type 'ThemePreset'.
components/admin/InspectorSidebar.tsx(108,56): error TS2339: Property 'description' does not exist on type 'ThemePreset'.
components/admin/SettingsTab.tsx(19,18): error TS2304: Cannot find name 'User'.
components/admin/users/panels/UserSupportPanel.tsx(2,10): error TS2305: Module '"../../../../services/supabaseService"' has no exported member 'SupportTicket'.
components/admin/users/panels/UserSupportPanel.tsx(2,25): error TS2305: Module '"../../../../services/supabaseService"' has no exported member 'SupportMessage'.
components/admin/users/TicketsModal.tsx(88,13): error TS1345: An expression of type 'void' cannot be tested for truthiness.
components/admin/users/UserListTable.tsx(2,10): error TS2724: '"../../../types"' has no exported member named 'UserProfile'. Did you mean 'UserRole'?
components/common/AuthModalsContainer.tsx(186,51): error TS2339: Property 'id' does not exist on type '{}'.
components/common/AuthModalsContainer.tsx(187,54): error TS2339: Property 'email' does not exist on type '{}'.
components/common/AuthModalsContainer.tsx(213,49): error TS2339: Property 'id' does not exist on type '{}'.
components/common/AuthModalsContainer.tsx(219,43): error TS2339: Property 'id' does not exist on type '{}'.
components/common/AuthModalsContainer.tsx(220,46): error TS2339: Property 'email' does not exist on type '{}'.
components/common/AuthModalsContainer.tsx(257,78): error TS2339: Property 'email' does not exist on type '{}'.
components/common/AuthModalsContainer.tsx(355,50): error TS2339: Property 'user_metadata' does not exist on type '{}'.
components/common/AuthModalsContainer.tsx(356,52): error TS2339: Property 'user_metadata' does not exist on type '{}'.
components/common/AuthModalsContainer.tsx(357,47): error TS2339: Property 'email' does not exist on type '{}'.
components/common/MyAccountModal.tsx(95,11): error TS2739: Type '{ siteCredits: any; activePlans: any; advertiserPlan: any; usageCredits: any; subscriptionEnd: any; }' is missing the following properties from type 'User': id, name, email, role, status
components/common/PricingModal.tsx(284,66): error TS2345: Argument of type '{ siteCredits: any; activePlans: any; advertiserPlan: any; usageCredits: any; subscriptionEnd: any; }' is not assignable to parameter of type 'User'.
  Type '{ siteCredits: any; activePlans: any; advertiserPlan: any; usageCredits: any; subscriptionEnd: any; }' is missing the following properties from type 'User': id, name, email, role, status
components/home/WorldNewsGrid.tsx(25,9): error TS7034: Variable 'visibleCategories' implicitly has type 'any[]' in some locations where its type cannot be determined.
components/home/WorldNewsGrid.tsx(46,88): error TS7005: Variable 'visibleCategories' implicitly has an 'any[]' type.
components/layout/header/NewsTicker.tsx(54,23): error TS2345: Argument of type 'RefObject<HTMLDivElement | null>' is not assignable to parameter of type 'RefObject<HTMLDivElement>'.
  Type 'HTMLDivElement | null' is not assignable to type 'HTMLDivElement'.
    Type 'null' is not assignable to type 'HTMLDivElement'.
components/layout/header/NewsTicker.tsx(55,23): error TS2345: Argument of type 'RefObject<HTMLDivElement | null>' is not assignable to parameter of type 'RefObject<HTMLDivElement>'.
  Type 'HTMLDivElement | null' is not assignable to type 'HTMLDivElement'.
    Type 'null' is not assignable to type 'HTMLDivElement'.
components/layout/header/NewsTicker.tsx(74,67): error TS2345: Argument of type 'RefObject<HTMLDivElement | null>' is not assignable to parameter of type 'RefObject<HTMLDivElement>'.
  Type 'HTMLDivElement | null' is not assignable to type 'HTMLDivElement'.
    Type 'null' is not assignable to type 'HTMLDivElement'.
components/layout/header/NewsTicker.tsx(108,67): error TS2345: Argument of type 'RefObject<HTMLDivElement | null>' is not assignable to parameter of type 'RefObject<HTMLDivElement>'.
  Type 'HTMLDivElement | null' is not assignable to type 'HTMLDivElement'.
    Type 'null' is not assignable to type 'HTMLDivElement'.
components/layout/header/NewsTicker.tsx(120,67): error TS2345: Argument of type 'RefObject<HTMLDivElement | null>' is not assignable to parameter of type 'RefObject<HTMLDivElement>'.
  Type 'HTMLDivElement | null' is not assignable to type 'HTMLDivElement'.
    Type 'null' is not assignable to type 'HTMLDivElement'.
components/layout/header/NewsTicker.tsx(154,67): error TS2345: Argument of type 'RefObject<HTMLDivElement | null>' is not assignable to parameter of type 'RefObject<HTMLDivElement>'.
  Type 'HTMLDivElement | null' is not assignable to type 'HTMLDivElement'.
    Type 'null' is not assignable to type 'HTMLDivElement'.
components/Login/hooks/useAuthFlow.ts(164,29): error TS2345: Argument of type 'User | null' is not assignable to parameter of type 'User'.
  Type 'null' is not assignable to type 'User'.
components/Login/hooks/useAuthFlow.ts(165,59): error TS18047: 'user' is possibly 'null'.
components/user/UserSupportSection.tsx(2,47): error TS2305: Module '"../../services/supabaseService"' has no exported member 'SupportTicket'.
components/user/UserSupportSection.tsx(50,20): error TS2345: Argument of type 'SupportTicket[]' is not assignable to parameter of type 'SetStateAction<SupportTicket[]>'.
  Type 'import("E:/lagoa-formosa-no-momento-alpha-1.099-060120260930/types/system").SupportTicket[]' is not assignable to type 'SupportTicket[]'.
    Property 'message' is missing in type 'import("E:/lagoa-formosa-no-momento-alpha-1.099-060120260930/types/system").SupportTicket' but required in type 'SupportTicket'.
hooks/useAppController.ts(140,30): error TS18046: 'e' is of type 'unknown'.
pages/news-detail/components/article/ArticleContent.tsx(471,37): error TS2304: Cannot find name 'GalleryRenderer'.
services/toastService.ts(17,9): error TS2322: Type '"process"' is not assignable to type 'ActivityKind'.
src/router.tsx(2,18): error TS2307: Cannot find module './pages/Home' or its corresponding type declarations.
src/router.tsx(3,19): error TS2307: Cannot find module './pages/Admin' or its corresponding type declarations.
src/router.tsx(11,44): error TS2739: Type '{}' is missing the following properties from type 'LoginProps': onLogin, onSignupRequest, onClose
supabase/functions/cloudinary-delete/index.ts(2,30): error TS2307: Cannot find module 'https://esm.sh/@supabase/supabase-js@2.38.4' or its corresponding type declarations.
supabase/functions/cloudinary-delete/index.ts(9,1): error TS2304: Cannot find name 'Deno'.
supabase/functions/cloudinary-delete/index.ts(9,19): error TS7006: Parameter 'req' implicitly has an 'any' type.
supabase/functions/cloudinary-delete/index.ts(21,25): error TS2304: Cannot find name 'Deno'.
supabase/functions/cloudinary-delete/index.ts(22,28): error TS2304: Cannot find name 'Deno'.
supabase/functions/cloudinary-delete/index.ts(23,42): error TS2304: Cannot find name 'Deno'.
supabase/functions/cloudinary-delete/index.ts(58,53): error TS18046: 'error' is of type 'unknown'.
temp_sync_old.ts(2,69): error TS2307: Cannot find module '../../types' or its corresponding type declarations.
temp_sync_old.ts(3,47): error TS2307: Cannot find module './localStorageService' or its corresponding type declarations.
temp_sync_old.ts(4,36): error TS2307: Cannot find module '../cloudinaryService' or its corresponding type declarations.
temp_sync_old.ts(5,36): error TS2307: Cannot find module '../youtubeService' or its corresponding type declarations.
temp_sync_old.ts(19,42): error TS7006: Parameter 'url' implicitly has an 'any' type.
temp_sync_old.ts(23,36): error TS7006: Parameter 'block' implicitly has an 'any' type.
temp_sync_old.ts(57,87): error TS7006: Parameter 'url' implicitly has an 'any' type.
temp_sync_old.ts(57,92): error TS7006: Parameter 'idx' implicitly has an 'any' type.
temp_sync_old.ts(75,75): error TS7006: Parameter 'block' implicitly has an 'any' type.
temp_sync_old.ts(253,82): error TS7006: Parameter 'banner' implicitly has an 'any' type.
temp_sync_old.ts(258,82): error TS7006: Parameter 'imgUrl' implicitly has an 'any' type.
utils/sanitizer.ts(1,23): error TS2307: Cannot find module 'dompurify' or its corresponding type declarations.
