components/admin/editor/hooks/usePublishingWorkflow.ts(45,11): error TS1472: 'catch' or 'finally' expected.
components/admin/editor/hooks/usePublishingWorkflow.ts(89,7): error TS1005: ',' expected.
components/admin/editor/hooks/usePublishingWorkflow.ts(100,1): error TS1128: Declaration or statement expected.
